<!--

    Copyright (c) 1997, 2019 Oracle and/or its affiliates. All rights reserved.

    This program and the accompanying materials are made available under the
    terms of the Eclipse Distribution License v. 1.0, which is available at
    http://www.eclipse.org/org/documents/edl-v10.php.

    SPDX-License-Identifier: BSD-3-Clause

-->

<descriptor>
    <description>
        Runs a dispatch client against a secured web service. The client
        invocation is expected to fail because the client is not configured to fulfill
        the security constraints of the server.
    </description>
    <client href ="test.bsh"/>
    <service basedir="./server">
        <wsdl href="EchoService.wsdl"/>
    </service>
</descriptor>
