<!--

    Copyright (c) 1997, 2019 Oracle and/or its affiliates. All rights reserved.

    This program and the accompanying materials are made available under the
    terms of the Eclipse Distribution License v. 1.0, which is available at
    http://www.eclipse.org/org/documents/edl-v10.php.

    SPDX-License-Identifier: BSD-3-Clause

-->

<descriptor since="2.0">
  <description>This is a trust test with invalid class being specified for the contract </description>
  <client href ="test.bsh" since="2.0"/>
  <sts basedir="./sts">
    <wsdl href="sts.wsdl"/>
  </sts>
  <service basedir="./server">
    <wsdl href="PingService.wsdl"/>
  </service>
</descriptor>

