<!--

    Copyright (c) 1997, 2019 Oracle and/or its affiliates. All rights reserved.

    This program and the accompanying materials are made available under the
    terms of the Eclipse Distribution License v. 1.0, which is available at
    http://www.eclipse.org/org/documents/edl-v10.php.

    SPDX-License-Identifier: BSD-3-Clause

-->

<descriptor>
  <description>
      Test a provider service with WSDL. The service has RM enabled. The client
      will fail if RM is not used.
  </description>
  <service basedir="./server">
    <wsdl href="EchoService.wsdl"/>
  </service>
</descriptor>
