<!--

    Copyright (c) 1997, 2019 Oracle and/or its affiliates. All rights reserved.

    This program and the accompanying materials are made available under the
    terms of the Eclipse Distribution License v. 1.0, which is available at
    http://www.eclipse.org/org/documents/edl-v10.php.

    SPDX-License-Identifier: BSD-3-Clause

-->

<descriptor>
    <description>
        Runs a dispatch client without WSDL against a web service configured for
        RM. The client is initialized through the wsit-client.xml.
    </description>
    <service basedir="./server">
        <wsdl href="EchoService.wsdl"/>
    </service>
</descriptor>
